<?xml version="1.0" encoding="UTF-8"?>
<!-- Generated by org.testng.reporters.JUnitXMLReporter -->
<testsuite hostname="GALEs-MacBook-Pro-7.local" ignored="0" name="Test7" tests="1" failures="1" timestamp="30 Apr 2018 06:14:16 GMT" time="12.766" errors="0">
  <testcase name="feature" time="3.705" classname="cucumber.api.testng.AbstractTestNGCucumberTests">
    <failure type="cucumber.runtime.CucumberException" message="java.lang.AssertionError: This Step Failed">
      <![CDATA[cucumber.runtime.CucumberException: java.lang.AssertionError: This Step Failed
at cucumber.api.testng.TestNGCucumberRunner.runCucumber(TestNGCucumberRunner.java:69)
at cucumber.api.testng.AbstractTestNGCucumberTests.feature(AbstractTestNGCucumberTests.java:21)
at java.util.concurrent.FutureTask.run(FutureTask.java:266)
at java.util.concurrent.ThreadPoolExecutor.runWorker(ThreadPoolExecutor.java:1149)
at java.util.concurrent.ThreadPoolExecutor$Worker.run(ThreadPoolExecutor.java:624)
at java.lang.Thread.run(Thread.java:748)
Caused by: java.lang.AssertionError: This Step Failed
at com.cucumber.TestSteps.AlchemyMainScreenValidationStepDefs.login_Successful(AlchemyMainScreenValidationStepDefs.java:40)
at âœ½.Then Login Successful(src/test/resources/Features/cucumbertest2.feature:7)
... Removed 18 stack frames]]>
    </failure>
  </testcase> <!-- feature -->
</testsuite> <!-- Test7 -->
